# JRE version: OpenJDK Runtime Environment (8.0_202-b03) (build 1.8.0_202-release-1483-b03)
# Java VM: OpenJDK 64-Bit Server VM (25.202-b03 mixed mode windows-amd64 compressed oops)
Heap:
 PSYoungGen      total 349696K, used 52642K [0x00000000e0000000, 0x0000000100000000, 0x0000000100000000)
  eden space 175104K, 18% used [0x00000000e0000000,0x00000000e205e488,0x00000000eab00000)
  from space 174592K, 11% used [0x00000000f5580000,0x00000000f688a588,0x0000000100000000)
  to   space 174592K, 0% used [0x00000000eab00000,0x00000000eab00000,0x00000000f5580000)
 ParOldGen       total 382464K, used 173591K [0x00000000a0000000, 0x00000000b7580000, 0x00000000e0000000)
  object space 382464K, 45% used [0x00000000a0000000,0x00000000aa985fd8,0x00000000b7580000)
 Metaspace       used 92659K, capacity 96584K, committed 101080K, reserved 1136640K
  class space    used 11686K, capacity 12425K, committed 13056K, reserved 1048576K
GC Heap History (10 events):
Event: 18028.238 GC heap before
{Heap before GC invocations=35 (full 5):
 PSYoungGen      total 386560K, used 382295K [0x00000000e0000000, 0x0000000100000000, 0x0000000100000000)
  eden space 277504K, 100% used [0x00000000e0000000,0x00000000f0f00000,0x00000000f0f00000)
  from space 109056K, 96% used [0x00000000f9580000,0x00000000ffbd5cc0,0x0000000100000000)
  to   space 123392K, 0% used [0x00000000f0f00000,0x00000000f0f00000,0x00000000f8780000)
 ParOldGen       total 331776K, used 203784K [0x00000000a0000000, 0x00000000b4400000, 0x00000000e0000000)
  object space 331776K, 61% used [0x00000000a0000000,0x00000000ac702368,0x00000000b4400000)
 Metaspace       used 96346K, capacity 100870K, committed 101080K, reserved 1136640K
  class space    used 12161K, capacity 13036K, committed 13056K, reserved 1048576K
Event: 18029.068 GC heap after
Heap after GC invocations=35 (full 5):
 PSYoungGen      total 400896K, used 123364K [0x00000000e0000000, 0x0000000100000000, 0x0000000100000000)
  eden space 277504K, 0% used [0x00000000e0000000,0x00000000e0000000,0x00000000f0f00000)
  from space 123392K, 99% used [0x00000000f0f00000,0x00000000f87791b8,0x00000000f8780000)
  to   space 123392K, 0% used [0x00000000f8780000,0x00000000f8780000,0x0000000100000000)
 ParOldGen       total 331776K, used 224136K [0x00000000a0000000, 0x00000000b4400000, 0x00000000e0000000)
  object space 331776K, 67% used [0x00000000a0000000,0x00000000adae2098,0x00000000b4400000)
 Metaspace       used 96346K, capacity 100870K, committed 101080K, reserved 1136640K
  class space    used 12161K, capacity 13036K, committed 13056K, reserved 1048576K
}
Event: 18031.006 GC heap before
{Heap before GC invocations=36 (full 5):
 PSYoungGen      total 400896K, used 400861K [0x00000000e0000000, 0x0000000100000000, 0x0000000100000000)
  eden space 277504K, 99% used [0x00000000e0000000,0x00000000f0efe500,0x00000000f0f00000)
  from space 123392K, 99% used [0x00000000f0f00000,0x00000000f87791b8,0x00000000f8780000)
  to   space 123392K, 0% used [0x00000000f8780000,0x00000000f8780000,0x0000000100000000)
 ParOldGen       total 331776K, used 224136K [0x00000000a0000000, 0x00000000b4400000, 0x00000000e0000000)
  object space 331776K, 67% used [0x00000000a0000000,0x00000000adae2098,0x00000000b4400000)
 Metaspace       used 96503K, capacity 100958K, committed 101080K, reserved 1136640K
  class space    used 12177K, capacity 13042K, committed 13056K, reserved 1048576K
Event: 18032.532 GC heap after
Heap after GC invocations=36 (full 5):
 PSYoungGen      total 298496K, used 123371K [0x00000000e0000000, 0x0000000100000000, 0x0000000100000000)
  eden space 175104K, 0% used [0x00000000e0000000,0x00000000e0000000,0x00000000eab00000)
  from space 123392K, 99% used [0x00000000f8780000,0x00000000ffffae50,0x0000000100000000)
  to   space 174592K, 0% used [0x00000000eab00000,0x00000000eab00000,0x00000000f5580000)
 ParOldGen       total 331776K, used 304956K [0x00000000a0000000, 0x00000000b4400000, 0x00000000e0000000)
  object space 331776K, 91% used [0x00000000a0000000,0x00000000b29cf0b8,0x00000000b4400000)
 Metaspace       used 96503K, capacity 100958K, committed 101080K, reserved 1136640K
  class space    used 12177K, capacity 13042K, committed 13056K, reserved 1048576K
}
Event: 18032.532 GC heap before
{Heap before GC invocations=37 (full 6):
 PSYoungGen      total 298496K, used 123371K [0x00000000e0000000, 0x0000000100000000, 0x0000000100000000)
  eden space 175104K, 0% used [0x00000000e0000000,0x00000000e0000000,0x00000000eab00000)
  from space 123392K, 99% used [0x00000000f8780000,0x00000000ffffae50,0x0000000100000000)
  to   space 174592K, 0% used [0x00000000eab00000,0x00000000eab00000,0x00000000f5580000)
 ParOldGen       total 331776K, used 304956K [0x00000000a0000000, 0x00000000b4400000, 0x00000000e0000000)
  object space 331776K, 91% used [0x00000000a0000000,0x00000000b29cf0b8,0x00000000b4400000)
 Metaspace       used 96503K, capacity 100958K, committed 101080K, reserved 1136640K
  class space    used 12177K, capacity 13042K, committed 13056K, reserved 1048576K
Event: 18037.237 GC heap after
Heap after GC invocations=37 (full 6):
 PSYoungGen      total 298496K, used 0K [0x00000000e0000000, 0x0000000100000000, 0x0000000100000000)
  eden space 175104K, 0% used [0x00000000e0000000,0x00000000e0000000,0x00000000eab00000)
  from space 123392K, 0% used [0x00000000f8780000,0x00000000f8780000,0x0000000100000000)
  to   space 174592K, 0% used [0x00000000eab00000,0x00000000eab00000,0x00000000f5580000)
 ParOldGen       total 382464K, used 173575K [0x00000000a0000000, 0x00000000b7580000, 0x00000000e0000000)
  object space 382464K, 45% used [0x00000000a0000000,0x00000000aa981fd8,0x00000000b7580000)
 Metaspace       used 92472K, capacity 96340K, committed 101080K, reserved 1136640K
  class space    used 11675K, capacity 12415K, committed 13056K, reserved 1048576K
}
Event: 18038.445 GC heap before
{Heap before GC invocations=38 (full 6):
 PSYoungGen      total 298496K, used 175104K [0x00000000e0000000, 0x0000000100000000, 0x0000000100000000)
  eden space 175104K, 100% used [0x00000000e0000000,0x00000000eab00000,0x00000000eab00000)
  from space 123392K, 0% used [0x00000000f8780000,0x00000000f8780000,0x0000000100000000)
  to   space 174592K, 0% used [0x00000000eab00000,0x00000000eab00000,0x00000000f5580000)
 ParOldGen       total 382464K, used 173575K [0x00000000a0000000, 0x00000000b7580000, 0x00000000e0000000)
  object space 382464K, 45% used [0x00000000a0000000,0x00000000aa981fd8,0x00000000b7580000)
 Metaspace       used 92616K, capacity 96516K, committed 101080K, reserved 1136640K
  class space    used 11686K, capacity 12425K, committed 13056K, reserved 1048576K
Event: 18038.485 GC heap after
Heap after GC invocations=38 (full 6):
 PSYoungGen      total 349696K, used 15707K [0x00000000e0000000, 0x0000000100000000, 0x0000000100000000)
  eden space 175104K, 0% used [0x00000000e0000000,0x00000000e0000000,0x00000000eab00000)
  from space 174592K, 8% used [0x00000000eab00000,0x00000000eba56c30,0x00000000f5580000)
  to   space 174592K, 0% used [0x00000000f5580000,0x00000000f5580000,0x0000000100000000)
 ParOldGen       total 382464K, used 173583K [0x00000000a0000000, 0x00000000b7580000, 0x00000000e0000000)
  object space 382464K, 45% used [0x00000000a0000000,0x00000000aa983fd8,0x00000000b7580000)
 Metaspace       used 92616K, capacity 96516K, committed 101080K, reserved 1136640K
  class space    used 11686K, capacity 12425K, committed 13056K, reserved 1048576K
}
Event: 18040.149 GC heap before
{Heap before GC invocations=39 (full 6):
 PSYoungGen      total 349696K, used 190722K [0x00000000e0000000, 0x0000000100000000, 0x0000000100000000)
  eden space 175104K, 99% used [0x00000000e0000000,0x00000000eaae9ed8,0x00000000eab00000)
  from space 174592K, 8% used [0x00000000eab00000,0x00000000eba56c30,0x00000000f5580000)
  to   space 174592K, 0% used [0x00000000f5580000,0x00000000f5580000,0x0000000100000000)
 ParOldGen       total 382464K, used 173583K [0x00000000a0000000, 0x00000000b7580000, 0x00000000e0000000)
  object space 382464K, 45% used [0x00000000a0000000,0x00000000aa983fd8,0x00000000b7580000)
 Metaspace       used 92659K, capacity 96584K, committed 101080K, reserved 1136640K
  class space    used 11686K, capacity 12425K, committed 13056K, reserved 1048576K
Event: 18040.181 GC heap after
Heap after GC invocations=39 (full 6):
 PSYoungGen      total 349696K, used 19497K [0x00000000e0000000, 0x0000000100000000, 0x0000000100000000)
  eden space 175104K, 0% used [0x00000000e0000000,0x00000000e0000000,0x00000000eab00000)
  from space 174592K, 11% used [0x00000000f5580000,0x00000000f688a588,0x0000000100000000)
  to   space 174592K, 0% used [0x00000000eab00000,0x00000000eab00000,0x00000000f5580000)
 ParOldGen       total 382464K, used 173591K [0x00000000a0000000, 0x00000000b7580000, 0x00000000e0000000)
  object space 382464K, 45% used [0x00000000a0000000,0x00000000aa985fd8,0x00000000b7580000)
 Metaspace       used 92659K, capacity 96584K, committed 101080K, reserved 1136640K
  class space    used 11686K, capacity 12425K, committed 13056K, reserved 1048576K
}

